<?xml version="1.0" encoding="UTF-8"?>
<!-- Generated by org.testng.reporters.JUnitReportReporter -->
<testsuite hostname="trishna" name="webdriver.Payment1" tests="1" failures="0" timestamp="24 Sep 2014 06:39:54 GMT" time="2.891" errors="0">
  <testcase name="cashBook" time="2.891" classname="webdriver.Payment1"/>
</testsuite> <!-- webdriver.Payment1 -->
