<?xml version="1.0" encoding="UTF-8"?>
<!-- Generated by org.testng.reporters.JUnitReportReporter -->
<testsuite hostname="trishna" name="webdriver.Google" tests="1" failures="0" timestamp="24 Oct 2014 12:36:02 GMT" time="1.864" errors="0">
  <testcase name="f" time="1.864" classname="webdriver.Google"/>
</testsuite> <!-- webdriver.Google -->
