<?xml version="1.0" encoding="UTF-8"?>
<!-- Generated by org.testng.reporters.JUnitReportReporter -->
<testsuite hostname="trishna" name="com.selenium.testcases.work_progress" tests="1" failures="0" timestamp="3 Nov 2014 09:53:53 GMT" time="0.008" errors="0">
  <testcase name="entry_creation" time="0.008" classname="com.selenium.testcases.work_progress"/>
</testsuite> <!-- com.selenium.testcases.work_progress -->
