<?xml version="1.0" encoding="UTF-8"?>
<!-- Generated by org.testng.reporters.JUnitReportReporter -->
<testsuite hostname="trishna" name="iAgriMarC.Kharidipatti" tests="1" failures="0" timestamp="29 Oct 2014 09:22:20 GMT" time="4.374" errors="0">
  <testcase name="f" time="4.374" classname="iAgriMarC.Kharidipatti"/>
</testsuite> <!-- iAgriMarC.Kharidipatti -->
