<?xml version="1.0" encoding="UTF-8"?>
<!-- Generated by org.testng.reporters.JUnitReportReporter -->
<testsuite hostname="trishna" name="iAgriMarC.table" tests="1" failures="0" timestamp="30 Sep 2014 10:05:30 GMT" time="2.083" errors="0">
  <testcase name="ref" time="2.083" classname="iAgriMarC.table"/>
</testsuite> <!-- iAgriMarC.table -->
