<?xml version="1.0" encoding="UTF-8"?>
<!-- Generated by org.testng.reporters.JUnitReportReporter -->
<testsuite hostname="trishna" name="exp.Grid_Find" tests="1" failures="0" timestamp="1 Nov 2014 13:16:16 GMT" time="2.881" errors="0">
  <testcase name="rec_find" time="2.881" classname="exp.Grid_Find"/>
</testsuite> <!-- exp.Grid_Find -->
