<?xml version="1.0" encoding="UTF-8"?>
<!-- Generated by org.testng.reporters.JUnitReportReporter -->
<testsuite hostname="trishna" name="com.selenium.testcases.Data" tests="1" failures="0" timestamp="21 Oct 2014 10:28:23 GMT" time="4.928" errors="0">
  <testcase name="Login" time="4.928" classname="com.selenium.testcases.Data"/>
</testsuite> <!-- com.selenium.testcases.Data -->
