<?xml version="1.0" encoding="UTF-8"?>
<!-- Generated by org.testng.reporters.JUnitReportReporter -->
<testsuite hostname="trishna" name="testcases.Bank" tests="1" failures="0" timestamp="15 Oct 2014 06:05:49 GMT" time="3.011" errors="0">
  <testcase name="f" time="3.011" classname="testcases.Bank"/>
</testsuite> <!-- testcases.Bank -->
