<?xml version="1.0" encoding="UTF-8"?>
<!-- Generated by org.testng.reporters.JUnitReportReporter -->
<testsuite hostname="trishna" name="iAgriMarC.allimg" tests="1" failures="0" timestamp="28 Nov 2014 09:32:36 GMT" time="4.653" errors="0">
  <testcase name="imag" time="4.653" classname="iAgriMarC.allimg"/>
</testsuite> <!-- iAgriMarC.allimg -->
