<?xml version="1.0" encoding="UTF-8"?>
<!-- Generated by org.testng.reporters.JUnitReportReporter -->
<testsuite hostname="trishna" name="com.selenium.testcases.Payments_entry" tests="1" failures="0" timestamp="24 Oct 2014 07:23:12 GMT" time="5.299" errors="0">
  <testcase name="f" time="5.299" classname="com.selenium.testcases.Payments_entry"/>
</testsuite> <!-- com.selenium.testcases.Payments_entry -->
