<?xml version="1.0" encoding="UTF-8"?>
<!-- Generated by org.testng.reporters.JUnitReportReporter -->
<testsuite hostname="trishna" name="com.selenium.testcases.Bank" tests="1" failures="0" timestamp="15 Oct 2014 06:40:48 GMT" time="3.239" errors="0">
  <testcase name="f" time="3.239" classname="com.selenium.testcases.Bank"/>
</testsuite> <!-- com.selenium.testcases.Bank -->
