<?xml version="1.0" encoding="UTF-8"?>
<!-- Generated by org.testng.reporters.JUnitReportReporter -->
<testsuite hostname="trishna" name="iAgriMarC.Bank_Details_Creation" tests="4" failures="0" timestamp="29 Oct 2014 05:18:51 GMT" time="44.094" errors="0">
  <testcase name="verify_record" time="3.076" classname="iAgriMarC.Bank_Details_Creation"/>
  <testcase name="bank_creation" time="25.899" classname="iAgriMarC.Bank_Details_Creation"/>
  <testcase name="OB" time="3.210" classname="iAgriMarC.Bank_Details_Creation"/>
  <testcase name="Ledger_Acc" time="11.909" classname="iAgriMarC.Bank_Details_Creation"/>
</testsuite> <!-- iAgriMarC.Bank_Details_Creation -->
