<?xml version="1.0" encoding="UTF-8"?>
<!-- Generated by org.testng.reporters.JUnitReportReporter -->
<testsuite hostname="trishna" name="allprograms.dropdown" tests="1" failures="0" timestamp="28 Oct 2014 12:25:46 GMT" time="0.343" errors="0">
  <testcase name="f" time="0.343" classname="allprograms.dropdown"/>
</testsuite> <!-- allprograms.dropdown -->
